mode: atomic
datastructures/structures/AVLtree.go:19.28,21.2 1 5
datastructures/structures/AVLtree.go:23.37,25.2 1 127
datastructures/structures/AVLtree.go:27.42,29.2 1 7
datastructures/structures/AVLtree.go:31.37,33.2 1 3
datastructures/structures/AVLtree.go:35.32,37.2 1 3
datastructures/structures/AVLtree.go:39.30,41.2 1 9
datastructures/structures/AVLtree.go:43.32,45.2 1 2
datastructures/structures/AVLtree.go:47.38,48.22 1 2
datastructures/structures/AVLtree.go:51.5,51.34 1 1
datastructures/structures/AVLtree.go:48.22,50.6 1 1
datastructures/structures/AVLtree.go:54.38,55.22 1 2
datastructures/structures/AVLtree.go:58.5,58.34 1 1
datastructures/structures/AVLtree.go:55.22,57.6 1 1
datastructures/structures/AVLtree.go:61.35,65.2 3 1
datastructures/structures/AVLtree.go:67.36,71.2 3 1
datastructures/structures/AVLtree.go:73.37,77.2 3 1
datastructures/structures/AVLtree.go:79.34,83.2 3 1
datastructures/structures/AVLtree.go:85.35,89.2 3 1
datastructures/structures/AVLtree.go:91.36,95.2 3 1
datastructures/structures/AVLtree.go:97.27,99.2 1 5
datastructures/structures/AVLtree.go:101.40,105.2 3 1
datastructures/structures/AVLtree.go:107.46,109.31 2 1
datastructures/structures/AVLtree.go:109.31,110.57 1 4
datastructures/structures/AVLtree.go:110.57,112.10 1 4
datastructures/structures/AVLtree.go:116.49,117.20 1 2818
datastructures/structures/AVLtree.go:120.5,120.23 1 2377
datastructures/structures/AVLtree.go:117.20,119.6 1 441
datastructures/structures/AVLtree.go:123.50,124.20 1 608
datastructures/structures/AVLtree.go:127.5,127.60 1 608
datastructures/structures/AVLtree.go:124.20,126.6 1 0
datastructures/structures/AVLtree.go:130.54,141.2 7 1
datastructures/structures/AVLtree.go:143.53,154.2 7 95
datastructures/structures/AVLtree.go:156.67,157.20 1 729
datastructures/structures/AVLtree.go:161.5,161.27 1 603
datastructures/structures/AVLtree.go:169.5,172.47 3 602
datastructures/structures/AVLtree.go:176.5,176.49 1 601
datastructures/structures/AVLtree.go:180.5,180.47 1 506
datastructures/structures/AVLtree.go:185.5,185.49 1 506
datastructures/structures/AVLtree.go:190.5,190.16 1 506
datastructures/structures/AVLtree.go:157.20,159.6 1 126
datastructures/structures/AVLtree.go:161.27,163.6 1 13
datastructures/structures/AVLtree.go:163.11,163.34 1 590
datastructures/structures/AVLtree.go:163.34,165.6 1 589
datastructures/structures/AVLtree.go:165.11,167.6 1 1
datastructures/structures/AVLtree.go:172.47,174.6 1 1
datastructures/structures/AVLtree.go:176.49,178.6 1 95
datastructures/structures/AVLtree.go:180.47,183.6 2 0
datastructures/structures/AVLtree.go:185.49,188.6 2 0
datastructures/structures/AVLtree.go:193.67,194.20 1 9
datastructures/structures/AVLtree.go:198.5,198.27 1 9
datastructures/structures/AVLtree.go:224.5,224.20 1 9
datastructures/structures/AVLtree.go:228.5,231.52 3 6
datastructures/structures/AVLtree.go:235.5,235.51 1 6
datastructures/structures/AVLtree.go:240.5,240.54 1 6
datastructures/structures/AVLtree.go:244.5,244.53 1 6
datastructures/structures/AVLtree.go:249.5,249.16 1 6
datastructures/structures/AVLtree.go:194.20,196.6 1 0
datastructures/structures/AVLtree.go:198.27,200.6 1 3
datastructures/structures/AVLtree.go:200.11,200.34 1 6
datastructures/structures/AVLtree.go:200.34,202.6 1 2
datastructures/structures/AVLtree.go:202.11,203.50 1 4
datastructures/structures/AVLtree.go:203.50,205.33 2 3
datastructures/structures/AVLtree.go:211.13,211.28 1 3
datastructures/structures/AVLtree.go:205.33,207.14 1 0
datastructures/structures/AVLtree.go:207.19,209.14 1 3
datastructures/structures/AVLtree.go:211.28,214.14 2 3
datastructures/structures/AVLtree.go:214.19,216.14 1 0
datastructures/structures/AVLtree.go:217.15,221.10 3 1
datastructures/structures/AVLtree.go:224.20,226.6 1 3
datastructures/structures/AVLtree.go:231.52,233.6 1 0
datastructures/structures/AVLtree.go:235.51,238.6 2 0
datastructures/structures/AVLtree.go:240.54,242.6 1 0
datastructures/structures/AVLtree.go:244.53,247.6 2 0
datastructures/structures/AVLtree.go:252.58,254.29 2 1
datastructures/structures/AVLtree.go:257.5,257.19 1 1
datastructures/structures/AVLtree.go:254.29,256.6 1 1
datastructures/structures/AVLtree.go:260.62,261.20 1 21
datastructures/structures/AVLtree.go:264.5,264.28 1 17
datastructures/structures/AVLtree.go:267.5,267.27 1 14
datastructures/structures/AVLtree.go:270.5,270.43 1 9
datastructures/structures/AVLtree.go:261.20,263.6 1 4
datastructures/structures/AVLtree.go:264.28,266.6 1 3
datastructures/structures/AVLtree.go:267.27,269.6 1 5
datastructures/structures/AVLtree.go:273.52,274.20 1 7
datastructures/structures/AVLtree.go:274.20,278.6 3 3
datastructures/structures/AVLtree.go:281.53,282.20 1 7
datastructures/structures/AVLtree.go:282.20,286.6 3 3
datastructures/structures/AVLtree.go:289.54,290.20 1 7
datastructures/structures/AVLtree.go:290.20,294.6 3 3
datastructures/structures/AVLtree.go:297.50,298.20 1 261
datastructures/structures/AVLtree.go:301.5,301.66 1 126
datastructures/structures/AVLtree.go:298.20,300.6 1 135
datastructures/structures/AVLtree.go:304.47,305.26 1 1
datastructures/structures/AVLtree.go:308.5,308.22 1 1
datastructures/structures/AVLtree.go:305.26,307.6 1 2
datastructures/structures/AVLtree.go:311.47,312.27 1 1
datastructures/structures/AVLtree.go:315.5,315.22 1 1
datastructures/structures/AVLtree.go:312.27,314.6 1 2
datastructures/structures/AVLtree.go:318.65,319.20 1 11
datastructures/structures/AVLtree.go:319.20,323.6 3 5
datastructures/structures/AVLtree.go:326.66,327.20 1 11
datastructures/structures/AVLtree.go:327.20,331.6 3 5
datastructures/structures/AVLtree.go:334.67,335.20 1 11
datastructures/structures/AVLtree.go:335.20,339.6 3 5
datastructures/structures/AVLtree.go:342.70,343.20 1 9
datastructures/structures/AVLtree.go:343.20,347.6 3 4
datastructures/structures/AVLtree.go:350.24,351.14 1 800
datastructures/structures/AVLtree.go:354.5,354.13 1 786
datastructures/structures/AVLtree.go:351.14,353.6 1 14
datastructures/structures/array.go:10.57,11.29 1 6
datastructures/structures/array.go:14.5,17.6 1 6
datastructures/structures/array.go:11.29,13.6 1 2
datastructures/structures/array.go:20.48,21.32 1 16
datastructures/structures/array.go:24.5,25.14 2 16
datastructures/structures/array.go:21.32,23.6 1 3
datastructures/structures/array.go:28.63,29.37 1 2
datastructures/structures/array.go:33.5,33.32 1 1
datastructures/structures/array.go:37.5,40.15 4 1
datastructures/structures/array.go:29.37,31.6 1 1
datastructures/structures/array.go:33.32,35.6 1 0
datastructures/structures/array.go:43.59,44.38 1 2
datastructures/structures/array.go:48.5,52.22 5 1
datastructures/structures/array.go:44.38,46.6 1 1
datastructures/structures/array.go:55.60,56.38 1 2
datastructures/structures/array.go:59.5,60.15 2 1
datastructures/structures/array.go:56.38,58.6 1 1
datastructures/structures/array.go:63.56,64.38 1 6
datastructures/structures/array.go:67.5,67.31 1 4
datastructures/structures/array.go:64.38,66.6 1 2
datastructures/structures/array.go:70.48,71.34 1 2
datastructures/structures/array.go:76.5,76.14 1 1
datastructures/structures/array.go:71.34,72.32 1 3
datastructures/structures/array.go:72.32,74.10 1 1
datastructures/structures/array.go:79.36,81.2 1 7
datastructures/structures/array.go:83.40,85.2 1 5
datastructures/structures/array.go:87.33,88.34 1 2
datastructures/structures/array.go:91.5,91.16 1 2
datastructures/structures/array.go:88.34,90.6 1 2
datastructures/structures/array.go:94.33,96.34 2 1
datastructures/structures/array.go:102.5,102.18 1 1
datastructures/structures/array.go:96.34,98.26 2 2
datastructures/structures/array.go:98.26,100.10 1 1
datastructures/structures/array.go:105.46,109.2 3 1
datastructures/structures/array.go:111.52,114.31 3 1
datastructures/structures/array.go:114.31,116.6 1 2
datastructures/structures/array.go:119.58,120.36 1 4
datastructures/structures/array.go:120.36,122.39 2 3
datastructures/structures/array.go:125.9,127.26 3 3
datastructures/structures/array.go:122.39,124.10 1 0
datastructures/structures/flist.go:15.46,17.2 1 2
datastructures/structures/flist.go:19.54,23.2 3 2
datastructures/structures/flist.go:25.53,27.24 2 9
datastructures/structures/flist.go:36.5,36.15 1 9
datastructures/structures/flist.go:27.24,29.6 1 4
datastructures/structures/flist.go:29.11,31.33 2 5
datastructures/structures/flist.go:34.9,34.31 1 5
datastructures/structures/flist.go:31.33,33.10 1 1
datastructures/structures/flist.go:39.56,41.24 2 6
datastructures/structures/flist.go:47.5,47.15 1 3
datastructures/structures/flist.go:41.24,42.35 1 8
datastructures/structures/flist.go:45.9,45.31 1 5
datastructures/structures/flist.go:42.35,44.10 1 3
datastructures/structures/flist.go:50.72,51.20 1 2
datastructures/structures/flist.go:54.5,57.15 4 1
datastructures/structures/flist.go:51.20,53.6 1 1
datastructures/structures/flist.go:60.61,61.40 1 2
datastructures/structures/flist.go:64.5,66.15 3 1
datastructures/structures/flist.go:61.40,63.6 1 1
datastructures/structures/flist.go:69.73,70.20 1 2
datastructures/structures/flist.go:74.5,74.25 1 1
datastructures/structures/flist.go:79.5,80.48 2 1
datastructures/structures/flist.go:84.5,84.23 1 1
datastructures/structures/flist.go:88.5,91.15 4 1
datastructures/structures/flist.go:70.20,72.6 1 1
datastructures/structures/flist.go:74.25,77.6 2 0
datastructures/structures/flist.go:80.48,82.6 1 0
datastructures/structures/flist.go:84.23,86.6 1 0
datastructures/structures/flist.go:94.62,95.59 1 2
datastructures/structures/flist.go:99.5,99.30 1 1
datastructures/structures/flist.go:105.5,106.76 2 1
datastructures/structures/flist.go:110.5,110.46 1 1
datastructures/structures/flist.go:114.5,116.15 3 1
datastructures/structures/flist.go:95.59,97.6 1 1
datastructures/structures/flist.go:99.30,103.6 3 0
datastructures/structures/flist.go:106.76,108.6 1 0
datastructures/structures/flist.go:110.46,112.6 1 0
datastructures/structures/flist.go:119.57,120.24 1 2
datastructures/structures/flist.go:123.5,126.22 4 1
datastructures/structures/flist.go:120.24,122.6 1 1
datastructures/structures/flist.go:129.61,130.24 1 4
datastructures/structures/flist.go:134.5,134.32 1 4
datastructures/structures/flist.go:140.5,141.29 2 2
datastructures/structures/flist.go:149.5,149.17 1 1
datastructures/structures/flist.go:130.24,132.6 1 0
datastructures/structures/flist.go:134.32,138.6 3 2
datastructures/structures/flist.go:141.29,142.40 1 3
datastructures/structures/flist.go:147.9,147.31 1 2
datastructures/structures/flist.go:142.40,146.10 3 1
datastructures/structures/flist.go:152.63,153.39 1 3
datastructures/structures/flist.go:157.5,158.32 2 2
datastructures/structures/flist.go:161.5,161.30 1 2
datastructures/structures/flist.go:153.39,155.6 1 1
datastructures/structures/flist.go:158.32,160.6 1 0
datastructures/structures/flist.go:164.41,166.2 1 12
datastructures/structures/flist.go:168.38,171.24 3 1
datastructures/structures/flist.go:178.5,178.28 1 1
datastructures/structures/flist.go:171.24,173.32 2 2
datastructures/structures/flist.go:176.9,176.31 1 2
datastructures/structures/flist.go:173.32,175.10 1 1
datastructures/structures/flist.go:181.38,184.2 2 5
datastructures/structures/flist.go:186.51,189.24 3 1
datastructures/structures/flist.go:193.5,193.18 1 1
datastructures/structures/flist.go:189.24,192.6 2 2
datastructures/structures/flist.go:196.57,198.31 2 1
datastructures/structures/flist.go:198.31,200.6 1 2
datastructures/structures/flist.go:203.47,205.2 1 3
datastructures/structures/hash.go:21.44,22.22 1 7
datastructures/structures/hash.go:25.5,26.26 2 7
datastructures/structures/hash.go:29.5,33.6 1 7
datastructures/structures/hash.go:22.22,24.6 1 2
datastructures/structures/hash.go:26.26,28.6 1 38
datastructures/structures/hash.go:36.53,37.36 1 47
datastructures/structures/hash.go:41.5,44.9 3 47
datastructures/structures/hash.go:37.36,39.6 1 6
datastructures/structures/hash.go:44.9,45.65 1 50
datastructures/structures/hash.go:56.9,56.69 1 4
datastructures/structures/hash.go:61.9,62.32 2 3
datastructures/structures/hash.go:45.65,54.10 3 46
datastructures/structures/hash.go:56.69,59.10 2 1
datastructures/structures/hash.go:62.32,64.10 1 0
datastructures/structures/hash.go:68.54,72.9 3 12
datastructures/structures/hash.go:72.9,73.66 1 22
datastructures/structures/hash.go:77.9,78.40 1 19
datastructures/structures/hash.go:82.9,83.32 2 10
datastructures/structures/hash.go:73.66,75.10 1 3
datastructures/structures/hash.go:78.40,80.10 1 9
datastructures/structures/hash.go:83.32,85.10 1 0
datastructures/structures/hash.go:89.46,93.9 3 3
datastructures/structures/hash.go:93.9,94.66 1 3
datastructures/structures/hash.go:98.9,99.40 1 2
datastructures/structures/hash.go:105.9,106.32 2 0
datastructures/structures/hash.go:94.66,96.10 1 1
datastructures/structures/hash.go:99.40,103.10 3 2
datastructures/structures/hash.go:106.32,108.10 1 0
datastructures/structures/hash.go:112.30,113.29 1 2
datastructures/structures/hash.go:116.5,116.16 1 2
datastructures/structures/hash.go:113.29,115.6 1 12
datastructures/structures/hash.go:119.35,121.2 1 1
datastructures/structures/hash.go:123.33,125.2 1 5
datastructures/structures/hash.go:127.37,129.2 1 4
datastructures/structures/hash.go:131.30,134.24 3 1
datastructures/structures/hash.go:139.5,139.32 1 1
datastructures/structures/hash.go:145.5,145.18 1 1
datastructures/structures/hash.go:134.24,137.6 2 0
datastructures/structures/hash.go:139.32,141.29 2 2
datastructures/structures/hash.go:141.29,143.10 1 1
datastructures/structures/hash.go:148.43,151.32 3 1
datastructures/structures/hash.go:154.5,154.18 1 1
datastructures/structures/hash.go:151.32,153.6 1 2
datastructures/structures/hash.go:157.49,159.31 2 1
datastructures/structures/hash.go:159.31,161.28 2 2
datastructures/structures/hash.go:161.28,163.10 1 2
datastructures/structures/hash.go:167.51,169.27 2 62
datastructures/structures/hash.go:172.5,172.16 1 62
datastructures/structures/hash.go:169.27,171.6 1 233
datastructures/structures/hash.go:175.31,179.29 4 6
datastructures/structures/hash.go:182.5,184.35 2 6
datastructures/structures/hash.go:179.29,181.6 1 62
datastructures/structures/hash.go:184.35,186.6 1 20
datastructures/structures/hash.go:189.47,191.38 2 8
datastructures/structures/hash.go:196.5,196.18 1 8
datastructures/structures/hash.go:191.38,192.59 1 46
datastructures/structures/hash.go:192.59,194.10 1 24
datastructures/structures/llist.go:17.46,19.2 1 2
datastructures/structures/llist.go:21.54,23.24 2 2
datastructures/structures/llist.go:31.5,31.15 1 2
datastructures/structures/llist.go:23.24,26.6 2 1
datastructures/structures/llist.go:26.11,30.6 3 1
datastructures/structures/llist.go:34.53,36.24 2 9
datastructures/structures/llist.go:44.5,44.15 1 9
datastructures/structures/llist.go:36.24,39.6 2 3
datastructures/structures/llist.go:39.11,43.6 3 6
datastructures/structures/llist.go:47.56,49.24 2 7
datastructures/structures/llist.go:55.5,55.15 1 3
datastructures/structures/llist.go:49.24,50.35 1 13
datastructures/structures/llist.go:53.9,53.31 1 9
datastructures/structures/llist.go:50.35,52.10 1 4
datastructures/structures/llist.go:58.72,59.20 1 2
datastructures/structures/llist.go:63.5,67.25 4 1
datastructures/structures/llist.go:70.5,72.25 2 1
datastructures/structures/llist.go:76.5,77.15 2 1
datastructures/structures/llist.go:59.20,61.6 1 1
datastructures/structures/llist.go:67.25,69.6 1 1
datastructures/structures/llist.go:72.25,74.6 1 0
datastructures/structures/llist.go:80.73,81.20 1 2
datastructures/structures/llist.go:85.5,89.25 4 1
datastructures/structures/llist.go:92.5,94.25 2 1
datastructures/structures/llist.go:98.5,99.15 2 1
datastructures/structures/llist.go:81.20,83.6 1 1
datastructures/structures/llist.go:89.25,91.6 1 1
datastructures/structures/llist.go:94.25,96.6 1 0
datastructures/structures/llist.go:102.57,103.24 1 2
datastructures/structures/llist.go:107.5,108.29 2 1
datastructures/structures/llist.go:116.5,117.22 2 1
datastructures/structures/llist.go:103.24,105.6 1 1
datastructures/structures/llist.go:108.29,111.6 2 0
datastructures/structures/llist.go:111.11,114.6 2 1
datastructures/structures/llist.go:120.56,121.24 1 2
datastructures/structures/llist.go:125.5,126.29 2 1
datastructures/structures/llist.go:134.5,135.22 2 1
datastructures/structures/llist.go:121.24,123.6 1 1
datastructures/structures/llist.go:126.29,129.6 2 0
datastructures/structures/llist.go:129.11,132.6 2 1
datastructures/structures/llist.go:138.61,139.40 1 2
datastructures/structures/llist.go:143.5,146.33 3 1
datastructures/structures/llist.go:150.5,150.33 1 1
datastructures/structures/llist.go:154.5,155.15 2 1
datastructures/structures/llist.go:139.40,141.6 1 1
datastructures/structures/llist.go:146.33,148.6 1 1
datastructures/structures/llist.go:150.33,152.6 1 0
datastructures/structures/llist.go:158.62,159.40 1 2
datastructures/structures/llist.go:163.5,166.33 3 1
datastructures/structures/llist.go:170.5,170.33 1 1
datastructures/structures/llist.go:174.5,175.15 2 1
datastructures/structures/llist.go:159.40,161.6 1 1
datastructures/structures/llist.go:166.33,168.6 1 1
datastructures/structures/llist.go:170.33,172.6 1 0
datastructures/structures/llist.go:178.61,180.20 2 2
datastructures/structures/llist.go:184.5,184.25 1 1
datastructures/structures/llist.go:190.5,190.25 1 1
datastructures/structures/llist.go:196.5,197.16 2 1
datastructures/structures/llist.go:180.20,182.6 1 1
datastructures/structures/llist.go:184.25,186.6 1 0
datastructures/structures/llist.go:186.11,188.6 1 1
datastructures/structures/llist.go:190.25,192.6 1 1
datastructures/structures/llist.go:192.11,194.6 1 0
datastructures/structures/llist.go:200.63,201.39 1 3
datastructures/structures/llist.go:205.5,206.32 2 2
datastructures/structures/llist.go:209.5,209.30 1 2
datastructures/structures/llist.go:201.39,203.6 1 1
datastructures/structures/llist.go:206.32,208.6 1 0
datastructures/structures/llist.go:212.41,214.2 1 11
datastructures/structures/llist.go:216.38,219.24 3 1
datastructures/structures/llist.go:226.5,226.28 1 1
datastructures/structures/llist.go:219.24,221.32 2 2
datastructures/structures/llist.go:224.9,224.31 1 2
datastructures/structures/llist.go:221.32,223.10 1 1
datastructures/structures/llist.go:229.45,232.24 3 1
datastructures/structures/llist.go:239.5,239.28 1 1
datastructures/structures/llist.go:232.24,234.32 2 2
datastructures/structures/llist.go:237.9,237.31 1 2
datastructures/structures/llist.go:234.32,236.10 1 1
datastructures/structures/llist.go:242.38,246.2 3 4
datastructures/structures/llist.go:248.51,251.24 3 1
datastructures/structures/llist.go:255.5,255.18 1 1
datastructures/structures/llist.go:251.24,254.6 2 2
datastructures/structures/llist.go:258.57,260.31 2 1
datastructures/structures/llist.go:260.31,262.6 1 2
datastructures/structures/llist.go:265.47,267.2 1 3
datastructures/structures/llist.go:269.47,271.2 1 3
datastructures/structures/queue.go:16.24,18.2 1 2
datastructures/structures/queue.go:20.36,22.22 2 11
datastructures/structures/queue.go:29.5,29.13 1 11
datastructures/structures/queue.go:22.22,25.6 2 5
datastructures/structures/queue.go:25.11,28.6 2 6
datastructures/structures/queue.go:32.39,33.23 1 5
datastructures/structures/queue.go:36.5,38.23 3 4
datastructures/structures/queue.go:41.5,42.22 2 4
datastructures/structures/queue.go:33.23,35.6 1 1
datastructures/structures/queue.go:38.23,40.6 1 1
datastructures/structures/queue.go:45.41,46.23 1 2
datastructures/structures/queue.go:49.5,49.30 1 1
datastructures/structures/queue.go:46.23,48.6 1 1
datastructures/structures/queue.go:52.40,53.22 1 2
datastructures/structures/queue.go:56.5,56.29 1 1
datastructures/structures/queue.go:53.22,55.6 1 1
datastructures/structures/queue.go:59.30,61.2 1 3
datastructures/structures/queue.go:63.28,65.2 1 3
datastructures/structures/queue.go:67.25,70.24 3 1
datastructures/structures/queue.go:77.5,77.28 1 1
datastructures/structures/queue.go:70.24,72.32 2 2
datastructures/structures/queue.go:75.9,75.31 1 2
datastructures/structures/queue.go:72.32,74.10 1 1
datastructures/structures/queue.go:80.25,84.2 3 4
datastructures/structures/queue.go:86.38,89.24 3 1
datastructures/structures/queue.go:93.5,93.18 1 1
datastructures/structures/queue.go:89.24,92.6 2 2
datastructures/structures/queue.go:96.44,98.31 2 1
datastructures/structures/queue.go:98.31,100.6 1 2
datastructures/structures/stack.go:15.24,17.2 1 2
datastructures/structures/stack.go:19.36,23.2 3 11
datastructures/structures/stack.go:25.39,26.21 1 4
datastructures/structures/stack.go:29.5,32.22 4 3
datastructures/structures/stack.go:26.21,28.6 1 1
datastructures/structures/stack.go:35.39,36.21 1 2
datastructures/structures/stack.go:39.5,39.28 1 1
datastructures/structures/stack.go:36.21,38.6 1 1
datastructures/structures/stack.go:42.30,44.2 1 3
datastructures/structures/stack.go:46.28,48.2 1 4
datastructures/structures/stack.go:50.25,53.24 3 1
datastructures/structures/stack.go:60.5,60.28 1 1
datastructures/structures/stack.go:53.24,55.32 2 2
datastructures/structures/stack.go:58.9,58.31 1 2
datastructures/structures/stack.go:55.32,57.10 1 1
datastructures/structures/stack.go:63.25,66.2 2 4
datastructures/structures/stack.go:68.38,71.24 3 1
datastructures/structures/stack.go:75.5,75.18 1 1
datastructures/structures/stack.go:71.24,74.6 2 2
datastructures/structures/stack.go:78.44,80.41 2 1
datastructures/structures/stack.go:80.41,82.6 1 2
